[INFO] Scanning for projects...
[INFO] 
[INFO] ------------------------< com.backend:backend >-------------------------
[INFO] Building  0.0.1-SNAPSHOT
[INFO]   from pom.xml
[INFO] --------------------------------[ jar ]---------------------------------
[INFO] 
[INFO] >>> spring-boot:4.0.6:run (default-cli) > test-compile @ backend >>>
[INFO] 
[INFO] --- resources:3.3.1:resources (default-resources) @ backend ---
[INFO] Copying 1 resource from src\main\resources to target\classes
[INFO] Copying 0 resource from src\main\resources to target\classes
[INFO] 
[INFO] --- compiler:3.14.1:compile (default-compile) @ backend ---
[INFO] Recompiling the module because of changed source code.
[INFO] Compiling 111 source files with javac [debug parameters release 21] to target\classes
[INFO] /C:/Users/PC/IdeaProjects/EntreNos_Motor_de_Intercambio/backend/src/main/java/es/ucab/entrenos/nucleo/seguridad/jwt/ServicioJWT.java: C:\Users\PC\IdeaProjects\EntreNos_Motor_de_Intercambio\backend\src\main\java\es\ucab\entrenos\nucleo\seguridad\jwt\ServicioJWT.java uses or overrides a deprecated API.
[INFO] /C:/Users/PC/IdeaProjects/EntreNos_Motor_de_Intercambio/backend/src/main/java/es/ucab/entrenos/nucleo/seguridad/jwt/ServicioJWT.java: Recompile with -Xlint:deprecation for details.
[INFO] /C:/Users/PC/IdeaProjects/EntreNos_Motor_de_Intercambio/backend/src/main/java/es/ucab/entrenos/modulos/subasta/controladores/ControladorSubasta.java: C:\Users\PC\IdeaProjects\EntreNos_Motor_de_Intercambio\backend\src\main\java\es\ucab\entrenos\modulos\subasta\controladores\ControladorSubasta.java uses unchecked or unsafe operations.
[INFO] /C:/Users/PC/IdeaProjects/EntreNos_Motor_de_Intercambio/backend/src/main/java/es/ucab/entrenos/modulos/subasta/controladores/ControladorSubasta.java: Recompile with -Xlint:unchecked for details.
[INFO] 
[INFO] --- resources:3.3.1:testResources (default-testResources) @ backend ---
[INFO] skip non existing resourceDirectory C:\Users\PC\IdeaProjects\EntreNos_Motor_de_Intercambio\backend\src\test\resources
[INFO] 
[INFO] --- compiler:3.14.1:testCompile (default-testCompile) @ backend ---
[INFO] Recompiling the module because of changed dependency.
[INFO] Compiling 4 source files with javac [debug parameters release 21] to target\test-classes
[INFO] 
[INFO] <<< spring-boot:4.0.6:run (default-cli) < test-compile @ backend <<<
[INFO] 
[INFO] 
[INFO] --- spring-boot:4.0.6:run (default-cli) @ backend ---
[INFO] Attaching agents: []

  .   ____          _            __ _ _
 /\\ / ___'_ __ _ _(_)_ __  __ _ \ \ \ \
( ( )\___ | '_ | '_| | '_ \/ _` | \ \ \ \
 \\/  ___)| |_)| | | | | || (_| |  ) ) ) )
  '  |____| .__|_| |_|_| |_\__, | / / / /
 =========|_|==============|___/=/_/_/_/

 :: Spring Boot ::                (v4.0.6)

2026-06-13T21:56:22.891-04:00  INFO 19024 --- [pruebaEntrenos] [           main] es.ucab.entrenos.EntreNosApplication     : Starting EntreNosApplication using Java 25.0.1 with PID 19024 (C:\Users\PC\IdeaProjects\EntreNos_Motor_de_Intercambio\backend\target\classes started by PC in C:\Users\PC\IdeaProjects\EntreNos_Motor_de_Intercambio\backend)
2026-06-13T21:56:22.897-04:00  INFO 19024 --- [pruebaEntrenos] [           main] es.ucab.entrenos.EntreNosApplication     : No active profile set, falling back to 1 default profile: "default"
2026-06-13T21:56:29.966-04:00  INFO 19024 --- [pruebaEntrenos] [           main] o.s.boot.tomcat.TomcatWebServer          : Tomcat initialized with port 8080 (http)
2026-06-13T21:56:30.050-04:00  INFO 19024 --- [pruebaEntrenos] [           main] o.apache.catalina.core.StandardService   : Starting service [Tomcat]
2026-06-13T21:56:30.062-04:00  INFO 19024 --- [pruebaEntrenos] [           main] o.apache.catalina.core.StandardEngine    : Starting Servlet engine: [Apache Tomcat/11.0.21]
2026-06-13T21:56:30.543-04:00  INFO 19024 --- [pruebaEntrenos] [           main] b.w.c.s.WebApplicationContextInitializer : Root WebApplicationContext: initialization completed in 7370 ms
2026-06-13T21:56:34.681-04:00  WARN 19024 --- [pruebaEntrenos] [           main] .s.a.UserDetailsServiceAutoConfiguration : 

Using generated security password: 480bd7d4-4b4d-464f-ab8b-1f54d6d25180

This generated password is for development use only. Your security configuration must be updated before running your application in production.

2026-06-13T21:56:34.745-04:00  INFO 19024 --- [pruebaEntrenos] [           main] r$InitializeUserDetailsManagerConfigurer : Global AuthenticationManager configured with UserDetailsService bean with name inMemoryUserDetailsManager
2026-06-13T21:56:38.460-04:00  INFO 19024 --- [pruebaEntrenos] [           main] o.s.boot.tomcat.TomcatWebServer          : Tomcat started on port 8080 (http) with context path '/'
2026-06-13T21:56:38.723-04:00  INFO 19024 --- [pruebaEntrenos] [           main] es.ucab.entrenos.EntreNosApplication     : Started EntreNosApplication in 17.465 seconds (process running for 18.783)
=====================================================
? ˇServidor Backend 'EntreNos' iniciado con éxito! ?
=====================================================
2026-06-13T21:56:41.654-04:00  INFO 19024 --- [pruebaEntrenos] [nio-8080-exec-1] o.a.c.c.C.[Tomcat].[localhost].[/]       : Initializing Spring DispatcherServlet 'dispatcherServlet'
2026-06-13T21:56:41.655-04:00  INFO 19024 --- [pruebaEntrenos] [nio-8080-exec-1] o.s.web.servlet.DispatcherServlet        : Initializing Servlet 'dispatcherServlet'
2026-06-13T21:56:41.658-04:00  INFO 19024 --- [pruebaEntrenos] [nio-8080-exec-1] o.s.web.servlet.DispatcherServlet        : Completed initialization in 3 ms
[INFO] ------------------------------------------------------------------------
[INFO] BUILD FAILURE
[INFO] ------------------------------------------------------------------------
[INFO] Total time:  02:28 min
[INFO] Finished at: 2026-06-13T21:58:28-04:00
[INFO] ------------------------------------------------------------------------
[ERROR] Failed to execute goal org.springframework.boot:spring-boot-maven-plugin:4.0.6:run (default-cli) on project backend: Process terminated with exit code: -1 -> [Help 1]
[ERROR] 
[ERROR] To see the full stack trace of the errors, re-run Maven with the -e switch.
[ERROR] Re-run Maven using the -X switch to enable full debug logging.
[ERROR] 
[ERROR] For more information about the errors and possible solutions, please read the following articles:
[ERROR] [Help 1] http://cwiki.apache.org/confluence/display/MAVEN/MojoExecutionException
