[INFO] Scanning for projects...
[INFO] 
[INFO] ------------------------< com.backend:backend >-------------------------
[INFO] Building  0.0.1-SNAPSHOT
[INFO]   from pom.xml
[INFO] --------------------------------[ jar ]---------------------------------
[INFO] 
[INFO] >>> spring-boot:4.0.6:run (default-cli) > test-compile @ backend >>>
[INFO] 
[INFO] --- resources:3.3.1:resources (default-resources) @ backend ---
[INFO] Copying 1 resource from src\main\resources to target\classes
[INFO] Copying 0 resource from src\main\resources to target\classes
[INFO] 
[INFO] --- compiler:3.14.1:compile (default-compile) @ backend ---
[INFO] Recompiling the module because of changed source code.
[INFO] Compiling 123 source files with javac [debug parameters release 21] to target\classes
[INFO] /C:/Users/PC/IdeaProjects/EntreNos_Motor_de_Intercambio/backend/src/main/java/es/ucab/entrenos/nucleo/seguridad/jwt/ServicioJWT.java: C:\Users\PC\IdeaProjects\EntreNos_Motor_de_Intercambio\backend\src\main\java\es\ucab\entrenos\nucleo\seguridad\jwt\ServicioJWT.java uses or overrides a deprecated API.
[INFO] /C:/Users/PC/IdeaProjects/EntreNos_Motor_de_Intercambio/backend/src/main/java/es/ucab/entrenos/nucleo/seguridad/jwt/ServicioJWT.java: Recompile with -Xlint:deprecation for details.
[INFO] /C:/Users/PC/IdeaProjects/EntreNos_Motor_de_Intercambio/backend/src/main/java/es/ucab/entrenos/modulos/subasta/controladores/ControladorSubasta.java: C:\Users\PC\IdeaProjects\EntreNos_Motor_de_Intercambio\backend\src\main\java\es\ucab\entrenos\modulos\subasta\controladores\ControladorSubasta.java uses unchecked or unsafe operations.
[INFO] /C:/Users/PC/IdeaProjects/EntreNos_Motor_de_Intercambio/backend/src/main/java/es/ucab/entrenos/modulos/subasta/controladores/ControladorSubasta.java: Recompile with -Xlint:unchecked for details.
[INFO] 
[INFO] --- resources:3.3.1:testResources (default-testResources) @ backend ---
[INFO] skip non existing resourceDirectory C:\Users\PC\IdeaProjects\EntreNos_Motor_de_Intercambio\backend\src\test\resources
[INFO] 
[INFO] --- compiler:3.14.1:testCompile (default-testCompile) @ backend ---
[INFO] Recompiling the module because of changed dependency.
[INFO] Compiling 4 source files with javac [debug parameters release 21] to target\test-classes
[INFO] 
[INFO] <<< spring-boot:4.0.6:run (default-cli) < test-compile @ backend <<<
[INFO] 
[INFO] 
[INFO] --- spring-boot:4.0.6:run (default-cli) @ backend ---
[INFO] Attaching agents: []

  .   ____          _            __ _ _
 /\\ / ___'_ __ _ _(_)_ __  __ _ \ \ \ \
( ( )\___ | '_ | '_| | '_ \/ _` | \ \ \ \
 \\/  ___)| |_)| | | | | || (_| |  ) ) ) )
  '  |____| .__|_| |_|_| |_\__, | / / / /
 =========|_|==============|___/=/_/_/_/

 :: Spring Boot ::                (v4.0.6)

2026-06-15T17:49:05.612-04:00  INFO 11388 --- [pruebaEntrenos] [           main] es.ucab.entrenos.EntreNosApplication     : Starting EntreNosApplication using Java 25.0.1 with PID 11388 (C:\Users\PC\IdeaProjects\EntreNos_Motor_de_Intercambio\backend\target\classes started by PC in C:\Users\PC\IdeaProjects\EntreNos_Motor_de_Intercambio\backend)
2026-06-15T17:49:05.624-04:00  INFO 11388 --- [pruebaEntrenos] [           main] es.ucab.entrenos.EntreNosApplication     : No active profile set, falling back to 1 default profile: "default"
2026-06-15T17:49:07.642-04:00  INFO 11388 --- [pruebaEntrenos] [           main] o.s.boot.tomcat.TomcatWebServer          : Tomcat initialized with port 8080 (http)
2026-06-15T17:49:07.675-04:00  INFO 11388 --- [pruebaEntrenos] [           main] o.apache.catalina.core.StandardService   : Starting service [Tomcat]
2026-06-15T17:49:07.676-04:00  INFO 11388 --- [pruebaEntrenos] [           main] o.apache.catalina.core.StandardEngine    : Starting Servlet engine: [Apache Tomcat/11.0.21]
2026-06-15T17:49:07.761-04:00  INFO 11388 --- [pruebaEntrenos] [           main] b.w.c.s.WebApplicationContextInitializer : Root WebApplicationContext: initialization completed in 2040 ms
2026-06-15T17:49:08.592-04:00  WARN 11388 --- [pruebaEntrenos] [           main] .s.a.UserDetailsServiceAutoConfiguration : 

Using generated security password: d4ee7fe6-67b4-4373-b9dc-8904e9e743f2

This generated password is for development use only. Your security configuration must be updated before running your application in production.

2026-06-15T17:49:08.606-04:00  INFO 11388 --- [pruebaEntrenos] [           main] r$InitializeUserDetailsManagerConfigurer : Global AuthenticationManager configured with UserDetailsService bean with name inMemoryUserDetailsManager
2026-06-15T17:49:09.269-04:00  WARN 11388 --- [pruebaEntrenos] [           main] ConfigServletWebServerApplicationContext : Exception encountered during context initialization - cancelling refresh attempt: org.springframework.context.ApplicationContextException: Failed to start bean 'webServerStartStop'
2026-06-15T17:49:09.289-04:00  INFO 11388 --- [pruebaEntrenos] [           main] .s.b.a.l.ConditionEvaluationReportLogger : 

Error starting ApplicationContext. To display the condition evaluation report re-run your application with 'debug' enabled.
2026-06-15T17:49:09.311-04:00 ERROR 11388 --- [pruebaEntrenos] [           main] o.s.b.d.LoggingFailureAnalysisReporter   : 

***************************
APPLICATION FAILED TO START
***************************

Description:

Web server failed to start. Port 8080 was already in use.

Action:

Identify and stop the process that's listening on port 8080 or configure this application to listen on another port.

[INFO] ------------------------------------------------------------------------
[INFO] BUILD FAILURE
[INFO] ------------------------------------------------------------------------
[INFO] Total time:  18.134 s
[INFO] Finished at: 2026-06-15T17:49:09-04:00
[INFO] ------------------------------------------------------------------------
[ERROR] Failed to execute goal org.springframework.boot:spring-boot-maven-plugin:4.0.6:run (default-cli) on project backend: Process terminated with exit code: 1 -> [Help 1]
[ERROR] 
[ERROR] To see the full stack trace of the errors, re-run Maven with the -e switch.
[ERROR] Re-run Maven using the -X switch to enable full debug logging.
[ERROR] 
[ERROR] For more information about the errors and possible solutions, please read the following articles:
[ERROR] [Help 1] http://cwiki.apache.org/confluence/display/MAVEN/MojoExecutionException
