[INFO] Scanning for projects...
[INFO] 
[INFO] ---------------------< com.backend:pruebaEntrenos >---------------------
[INFO] Building  0.0.1-SNAPSHOT
[INFO]   from pom.xml
[INFO] --------------------------------[ jar ]---------------------------------
[INFO] 
[INFO] >>> spring-boot:4.0.6:run (default-cli) > test-compile @ pruebaEntrenos >>>
[INFO] 
[INFO] --- resources:3.3.1:resources (default-resources) @ pruebaEntrenos ---
[INFO] Copying 1 resource from src\main\resources to target\classes
[INFO] Copying 0 resource from src\main\resources to target\classes
[INFO] 
[INFO] --- compiler:3.14.1:compile (default-compile) @ pruebaEntrenos ---
[INFO] Nothing to compile - all classes are up to date.
[INFO] 
[INFO] --- resources:3.3.1:testResources (default-testResources) @ pruebaEntrenos ---
[INFO] skip non existing resourceDirectory C:\Users\PC\IdeaProjects\EntreNos_Motor_de_Intercambio\backend\src\test\resources
[INFO] 
[INFO] --- compiler:3.14.1:testCompile (default-testCompile) @ pruebaEntrenos ---
[INFO] Nothing to compile - all classes are up to date.
[INFO] 
[INFO] <<< spring-boot:4.0.6:run (default-cli) < test-compile @ pruebaEntrenos <<<
[INFO] 
[INFO] 
[INFO] --- spring-boot:4.0.6:run (default-cli) @ pruebaEntrenos ---
[INFO] Attaching agents: []

  .   ____          _            __ _ _
 /\\ / ___'_ __ _ _(_)_ __  __ _ \ \ \ \
( ( )\___ | '_ | '_| | '_ \/ _` | \ \ \ \
 \\/  ___)| |_)| | | | | || (_| |  ) ) ) )
  '  |____| .__|_| |_|_| |_\__, | / / / /
 =========|_|==============|___/=/_/_/_/

 :: Spring Boot ::                (v4.0.6)

2026-06-07T13:44:45.947-04:00  INFO 13644 --- [pruebaEntrenos] [           main] es.ucab.entrenos.EntreNosApplication     : Starting EntreNosApplication using Java 25.0.1 with PID 13644 (C:\Users\PC\IdeaProjects\EntreNos_Motor_de_Intercambio\backend\target\classes started by PC in C:\Users\PC\IdeaProjects\EntreNos_Motor_de_Intercambio\backend)
2026-06-07T13:44:45.952-04:00  INFO 13644 --- [pruebaEntrenos] [           main] es.ucab.entrenos.EntreNosApplication     : No active profile set, falling back to 1 default profile: "default"
2026-06-07T13:44:48.276-04:00  INFO 13644 --- [pruebaEntrenos] [           main] o.s.boot.tomcat.TomcatWebServer          : Tomcat initialized with port 8080 (http)
2026-06-07T13:44:48.312-04:00  INFO 13644 --- [pruebaEntrenos] [           main] o.apache.catalina.core.StandardService   : Starting service [Tomcat]
2026-06-07T13:44:48.312-04:00  INFO 13644 --- [pruebaEntrenos] [           main] o.apache.catalina.core.StandardEngine    : Starting Servlet engine: [Apache Tomcat/11.0.21]
2026-06-07T13:44:48.423-04:00  INFO 13644 --- [pruebaEntrenos] [           main] b.w.c.s.WebApplicationContextInitializer : Root WebApplicationContext: initialization completed in 2367 ms
2026-06-07T13:44:49.562-04:00  INFO 13644 --- [pruebaEntrenos] [           main] o.s.boot.tomcat.TomcatWebServer          : Tomcat started on port 8080 (http) with context path '/'
2026-06-07T13:44:49.574-04:00  INFO 13644 --- [pruebaEntrenos] [           main] es.ucab.entrenos.EntreNosApplication     : Started EntreNosApplication in 4.318 seconds (process running for 4.961)
Hello and welcome!2026-06-07T13:45:26.215-04:00  INFO 13644 --- [pruebaEntrenos] [nio-8080-exec-1] o.a.c.c.C.[Tomcat].[localhost].[/]       : Initializing Spring DispatcherServlet 'dispatcherServlet'
2026-06-07T13:45:26.215-04:00  INFO 13644 --- [pruebaEntrenos] [nio-8080-exec-1] o.s.web.servlet.DispatcherServlet        : Initializing Servlet 'dispatcherServlet'
2026-06-07T13:45:26.217-04:00  INFO 13644 --- [pruebaEntrenos] [nio-8080-exec-1] o.s.web.servlet.DispatcherServlet        : Completed initialization in 2 ms
2026-06-07T13:47:46.438-04:00  WARN 13644 --- [pruebaEntrenos] [nio-8080-exec-6] .w.s.m.s.DefaultHandlerExceptionResolver : Resolved [org.springframework.http.converter.HttpMessageNotReadableException: JSON parse error: Cannot construct instance of `es.ucab.entrenos.modulos.identidad.modelos.NecesidadRegistrada`, problem: La descripción de condiciones es obligatoria.]
2026-06-07T13:47:49.477-04:00  WARN 13644 --- [pruebaEntrenos] [io-8080-exec-10] .w.s.m.s.DefaultHandlerExceptionResolver : Resolved [org.springframework.http.converter.HttpMessageNotReadableException: JSON parse error: Cannot construct instance of `es.ucab.entrenos.modulos.identidad.modelos.NecesidadRegistrada`, problem: La descripción de condiciones es obligatoria.]
2026-06-07T13:47:49.947-04:00  WARN 13644 --- [pruebaEntrenos] [nio-8080-exec-7] .w.s.m.s.DefaultHandlerExceptionResolver : Resolved [org.springframework.http.converter.HttpMessageNotReadableException: JSON parse error: Cannot construct instance of `es.ucab.entrenos.modulos.identidad.modelos.NecesidadRegistrada`, problem: La descripción de condiciones es obligatoria.]
2026-06-07T13:47:50.543-04:00  WARN 13644 --- [pruebaEntrenos] [nio-8080-exec-8] .w.s.m.s.DefaultHandlerExceptionResolver : Resolved [org.springframework.http.converter.HttpMessageNotReadableException: JSON parse error: Cannot construct instance of `es.ucab.entrenos.modulos.identidad.modelos.NecesidadRegistrada`, problem: La descripción de condiciones es obligatoria.]
2026-06-07T13:58:12.777-04:00  WARN 13644 --- [pruebaEntrenos] [nio-8080-exec-9] .w.s.m.s.DefaultHandlerExceptionResolver : Resolved [org.springframework.http.converter.HttpMessageNotReadableException: JSON parse error: Cannot construct instance of `es.ucab.entrenos.modulos.identidad.modelos.HabilidadOfrecida`, problem: La descripción es obligatoria.]
[INFO] ------------------------------------------------------------------------
[INFO] BUILD FAILURE
[INFO] ------------------------------------------------------------------------
[INFO] Total time:  03:19 h
[INFO] Finished at: 2026-06-07T17:04:05-04:00
[INFO] ------------------------------------------------------------------------
[ERROR] Failed to execute goal org.springframework.boot:spring-boot-maven-plugin:4.0.6:run (default-cli) on project pruebaEntrenos: Process terminated with exit code: 1 -> [Help 1]
[ERROR] 
[ERROR] To see the full stack trace of the errors, re-run Maven with the -e switch.
[ERROR] Re-run Maven using the -X switch to enable full debug logging.
[ERROR] 
[ERROR] For more information about the errors and possible solutions, please read the following articles:
[ERROR] [Help 1] http://cwiki.apache.org/confluence/display/MAVEN/MojoExecutionException
