[INFO] Scanning for projects...
[INFO] 
[INFO] ---------------------< com.backend:pruebaEntrenos >---------------------
[INFO] Building  0.0.1-SNAPSHOT
[INFO]   from pom.xml
[INFO] --------------------------------[ jar ]---------------------------------
[INFO] 
[INFO] >>> spring-boot:4.0.6:run (default-cli) > test-compile @ pruebaEntrenos >>>
[INFO] 
[INFO] --- resources:3.3.1:resources (default-resources) @ pruebaEntrenos ---
[INFO] Copying 1 resource from src\main\resources to target\classes
[INFO] Copying 0 resource from src\main\resources to target\classes
[INFO] 
[INFO] --- compiler:3.14.1:compile (default-compile) @ pruebaEntrenos ---
[INFO] Nothing to compile - all classes are up to date.
[INFO] 
[INFO] --- resources:3.3.1:testResources (default-testResources) @ pruebaEntrenos ---
[INFO] skip non existing resourceDirectory C:\Users\PC\IdeaProjects\EntreNos_Motor_de_Intercambio\backend\src\test\resources
[INFO] 
[INFO] --- compiler:3.14.1:testCompile (default-testCompile) @ pruebaEntrenos ---
[INFO] Nothing to compile - all classes are up to date.
[INFO] 
[INFO] <<< spring-boot:4.0.6:run (default-cli) < test-compile @ pruebaEntrenos <<<
[INFO] 
[INFO] 
[INFO] --- spring-boot:4.0.6:run (default-cli) @ pruebaEntrenos ---
[INFO] Attaching agents: []

  .   ____          _            __ _ _
 /\\ / ___'_ __ _ _(_)_ __  __ _ \ \ \ \
( ( )\___ | '_ | '_| | '_ \/ _` | \ \ \ \
 \\/  ___)| |_)| | | | | || (_| |  ) ) ) )
  '  |____| .__|_| |_|_| |_\__, | / / / /
 =========|_|==============|___/=/_/_/_/

 :: Spring Boot ::                (v4.0.6)

2026-06-07T12:59:53.126-04:00  INFO 21296 --- [pruebaEntrenos] [           main] es.ucab.entrenos.EntreNosApplication     : Starting EntreNosApplication using Java 25.0.1 with PID 21296 (C:\Users\PC\IdeaProjects\EntreNos_Motor_de_Intercambio\backend\target\classes started by PC in C:\Users\PC\IdeaProjects\EntreNos_Motor_de_Intercambio\backend)
2026-06-07T12:59:53.134-04:00  INFO 21296 --- [pruebaEntrenos] [           main] es.ucab.entrenos.EntreNosApplication     : No active profile set, falling back to 1 default profile: "default"
2026-06-07T12:59:56.237-04:00  INFO 21296 --- [pruebaEntrenos] [           main] o.s.boot.tomcat.TomcatWebServer          : Tomcat initialized with port 8080 (http)
2026-06-07T12:59:56.308-04:00  INFO 21296 --- [pruebaEntrenos] [           main] o.apache.catalina.core.StandardService   : Starting service [Tomcat]
2026-06-07T12:59:56.309-04:00  INFO 21296 --- [pruebaEntrenos] [           main] o.apache.catalina.core.StandardEngine    : Starting Servlet engine: [Apache Tomcat/11.0.21]
2026-06-07T12:59:56.450-04:00  INFO 21296 --- [pruebaEntrenos] [           main] b.w.c.s.WebApplicationContextInitializer : Root WebApplicationContext: initialization completed in 3052 ms
2026-06-07T12:59:58.558-04:00  INFO 21296 --- [pruebaEntrenos] [           main] o.s.boot.tomcat.TomcatWebServer          : Tomcat started on port 8080 (http) with context path '/'
2026-06-07T12:59:58.576-04:00  INFO 21296 --- [pruebaEntrenos] [           main] es.ucab.entrenos.EntreNosApplication     : Started EntreNosApplication in 6.918 seconds (process running for 8.219)
Hello and welcome!2026-06-07T13:00:18.375-04:00  INFO 21296 --- [pruebaEntrenos] [nio-8080-exec-2] o.a.c.c.C.[Tomcat].[localhost].[/]       : Initializing Spring DispatcherServlet 'dispatcherServlet'
2026-06-07T13:00:18.379-04:00  INFO 21296 --- [pruebaEntrenos] [nio-8080-exec-2] o.s.web.servlet.DispatcherServlet        : Initializing Servlet 'dispatcherServlet'
2026-06-07T13:00:18.382-04:00  INFO 21296 --- [pruebaEntrenos] [nio-8080-exec-2] o.s.web.servlet.DispatcherServlet        : Completed initialization in 2 ms
